Flutter crash report; please file at https://github.com/flutter/flutter/issues.

## command

flutter --quiet assemble --depfile /Users/nateshmbhat/Desktop/flutter-android-bridge/flutter_module/.android/Flutter/build/intermediates/flutter/profile/flutter_build.d --output /Users/nateshmbhat/Desktop/flutter-android-bridge/flutter_module/.android/Flutter/build/intermediates/flutter/profile -dTargetFile=lib/main.dart -dTargetPlatform=android -dBuildMode=profile android_aot_bundle_profile_android-arm android_aot_bundle_profile_android-arm64 android_aot_bundle_profile_android-x64

## exception

FileSystemException: FileSystemException: writeFrom failed, path = '' (OS Error: Broken pipe, errno = 32)

```
#0      _RandomAccessFile.writeFromSync (dart:io/file_impl.dart:881:7)
#1      _StdConsumer.addStream.<anonymous closure> (dart:io/stdio.dart:310:15)
#2      _rootRunUnary (dart:async/zone.dart:1134:38)
#3      _CustomZone.runUnary (dart:async/zone.dart:1031:19)
#4      _CustomZone.runUnaryGuarded (dart:async/zone.dart:933:7)
#5      _BufferingStreamSubscription._sendData (dart:async/stream_impl.dart:338:11)
#6      _BufferingStreamSubscription._add (dart:async/stream_impl.dart:265:7)
#7      _SyncStreamControllerDispatch._sendData (dart:async/stream_controller.dart:766:19)
#8      _StreamController._add (dart:async/stream_controller.dart:642:7)
#9      _StreamController.add (dart:async/stream_controller.dart:588:5)
#10     _StreamSinkImpl.add (dart:io/io_sink.dart:158:17)
#11     _IOSinkImpl.write (dart:io/io_sink.dart:291:5)
#12     _IOSinkImpl.writeln (dart:io/io_sink.dart:311:5)
#13     _StdSink.writeln (dart:io/stdio.dart:343:11)
#14     StdoutLogger.printError (package:flutter_tools/src/base/logger.dart:180:12)
#15     printError (package:flutter_tools/src/globals.dart:32:10)
#16     AOTSnapshotter.build (package:flutter_tools/src/base/build.dart:177:7)
<asynchronous suspension>
#17     AndroidAot.build (package:flutter_tools/src/build_system/targets/android.dart:196:52)
#18     _BuildInstance._invokeInternal (package:flutter_tools/src/build_system/build_system.dart:531:25)
<asynchronous suspension>
#19     _BuildInstance.invokeTarget.<anonymous closure> (package:flutter_tools/src/build_system/build_system.dart:486:35)
#20     new Future.sync (dart:async/future.dart:224:31)
#21     AsyncMemoizer.runOnce (package:async/src/async_memoizer.dart:43:45)
#22     _BuildInstance.invokeTarget (package:flutter_tools/src/build_system/build_system.dart:486:21)
<asynchronous suspension>
<asynchronous suspension>
#23     MappedListIterable.elementAt (dart:_internal/iterable.dart:417:29)
#24     ListIterator.moveNext (dart:_internal/iterable.dart:346:26)
#25     Future.wait (dart:async/future.dart:393:26)
#26     _BuildInstance.invokeTarget (package:flutter_tools/src/build_system/build_system.dart:481:45)
#27     _AsyncAwaitCompleter.start (dart:async-patch/async_patch.dart:45:6)
#28     _BuildInstance.invokeTarget (package:flutter_tools/src/build_system/build_system.dart:480:28)
#29     BuildSystem.build (package:flutter_tools/src/build_system/build_system.dart:424:36)
#30     _AsyncAwaitCompleter.start (dart:async-patch/async_patch.dart:45:6)
#31     BuildSystem.build (package:flutter_tools/src/build_system/build_system.dart:405:28)
#32     AssembleCommand.runCommand (package:flutter_tools/src/commands/assemble.dart:170:50)
#33     _AsyncAwaitCompleter.start (dart:async-patch/async_patch.dart:45:6)
#34     AssembleCommand.runCommand (package:flutter_tools/src/commands/assemble.dart:167:42)
#35     FlutterCommand.verifyThenRunCommand (package:flutter_tools/src/runner/flutter_command.dart:615:18)
#36     _asyncThenWrapperHelper.<anonymous closure> (dart:async-patch/async_patch.dart:73:64)
#37     _rootRunUnary (dart:async/zone.dart:1134:38)
#38     _CustomZone.runUnary (dart:async/zone.dart:1031:19)
#39     _FutureListener.handleValue (dart:async/future_impl.dart:139:18)
#40     Future._propagateToListeners.handleValueCallback (dart:async/future_impl.dart:680:45)
#41     Future._propagateToListeners (dart:async/future_impl.dart:709:32)
#42     Future._completeWithValue (dart:async/future_impl.dart:524:5)
#43     Future._asyncComplete.<anonymous closure> (dart:async/future_impl.dart:554:7)
#44     _rootRun (dart:async/zone.dart:1126:13)
#45     _CustomZone.run (dart:async/zone.dart:1023:19)
#46     _CustomZone.runGuarded (dart:async/zone.dart:925:7)
#47     _CustomZone.bindCallbackGuarded.<anonymous closure> (dart:async/zone.dart:965:23)
#48     _microtaskLoop (dart:async/schedule_microtask.dart:43:21)
#49     _startMicrotaskLoop (dart:async/schedule_microtask.dart:52:5)
#50     _runPendingImmediateCallback (dart:isolate-patch/isolate_patch.dart:118:13)
#51     _RawReceivePortImpl._handleMessage (dart:isolate-patch/isolate_patch.dart:175:5)
```

## flutter doctor

```
[✓] Flutter (Channel stable, v1.12.13+hotfix.5, on Mac OS X 10.15.2 19C57, locale en-GB)
    • Flutter version 1.12.13+hotfix.5 at /Users/nateshmbhat/Apps/flutter
    • Framework revision 27321ebbad (6 weeks ago), 2019-12-10 18:15:01 -0800
    • Engine revision 2994f7e1e6
    • Dart version 2.7.0

[✓] Android toolchain - develop for Android devices (Android SDK version 29.0.2)
    • Android SDK at /Users/nateshmbhat/Library/Android/sdk
    • Android NDK location not configured (optional; useful for native profiling support)
    • Platform android-29, build-tools 29.0.2
    • Java binary at: /Applications/Android Studio.app/Contents/jre/jdk/Contents/Home/bin/java
    • Java version OpenJDK Runtime Environment (build 1.8.0_202-release-1483-b49-5587405)
    • All Android licenses accepted.

[✗] Xcode - develop for iOS and macOS
    ✗ Xcode installation is incomplete; a full installation is necessary for iOS development.
      Download at: https://developer.apple.com/xcode/download/
      Or install Xcode via the App Store.
      Once installed, run:
        sudo xcode-select --switch /Applications/Xcode.app/Contents/Developer
        sudo xcodebuild -runFirstLaunch
    ✗ CocoaPods not installed.
        CocoaPods is used to retrieve the iOS and macOS platform side's plugin code that responds to your plugin usage on the Dart side.
        Without CocoaPods, plugins will not work on iOS or macOS.
        For more info, see https://flutter.dev/platform-plugins
      To install:
        sudo gem install cocoapods

[✓] Android Studio (version 3.5)
    • Android Studio at /Applications/Android Studio.app/Contents
    • Flutter plugin version 42.1.1
    • Dart plugin version 191.8593
    • Java version OpenJDK Runtime Environment (build 1.8.0_202-release-1483-b49-5587405)

[!] IntelliJ IDEA Community Edition (version 2019.3.1)
    • IntelliJ at /Applications/IntelliJ IDEA CE.app
    ✗ Flutter plugin not installed; this adds Flutter specific functionality.
    ✗ Dart plugin not installed; this adds Dart specific functionality.
    • For information about installing plugins, see
      https://flutter.dev/intellij-setup/#installing-the-plugins

[✓] VS Code (version 1.41.1)
    • VS Code at /Applications/Visual Studio Code.app/Contents
    • Flutter extension version 3.7.1

[✓] Connected device (1 available)
    • Android SDK built for x86 • emulator-5554 • android-x86 • Android 10 (API 29) (emulator)

! Doctor found issues in 2 categories.
```
